0 info it worked if it ends with ok
1 verbose cli [ '/Users/tiffanyrossy/.nvm/versions/node/v0.12.4/bin/node',
1 verbose cli   '/Users/tiffanyrossy/.nvm/versions/node/v0.12.4/bin/npm',
1 verbose cli   'run',
1 verbose cli   'start' ]
2 info using npm@2.10.1
3 info using node@v0.12.4
4 verbose stack Error: Failed to parse json
4 verbose stack Unexpected token '\'' at 14:5
4 verbose stack     'start': "node_modules/.bin/browserify js/main.js -o bundled.js -d && serve
4 verbose stack     ^
4 verbose stack     at parseError (/Users/tiffanyrossy/.nvm/versions/node/v0.12.4/lib/node_modules/npm/node_modules/read-package-json/read-json.js:379:11)
4 verbose stack     at parseJson (/Users/tiffanyrossy/.nvm/versions/node/v0.12.4/lib/node_modules/npm/node_modules/read-package-json/read-json.js:68:23)
4 verbose stack     at /Users/tiffanyrossy/.nvm/versions/node/v0.12.4/lib/node_modules/npm/node_modules/read-package-json/read-json.js:48:5
4 verbose stack     at evalmachine.<anonymous>:334:14
4 verbose stack     at /Users/tiffanyrossy/.nvm/versions/node/v0.12.4/lib/node_modules/npm/node_modules/graceful-fs/graceful-fs.js:102:5
4 verbose stack     at FSReqWrap.oncomplete (evalmachine.<anonymous>:95:15)
5 verbose cwd /Users/tiffanyrossy/Desktop/2backbone
6 error Darwin 14.3.0
7 error argv "/Users/tiffanyrossy/.nvm/versions/node/v0.12.4/bin/node" "/Users/tiffanyrossy/.nvm/versions/node/v0.12.4/bin/npm" "run" "start"
8 error node v0.12.4
9 error npm  v2.10.1
10 error file /Users/tiffanyrossy/Desktop/2backbone/package.json
11 error code EJSONPARSE
12 error Failed to parse json
12 error Unexpected token '\'' at 14:5
12 error     'start': "node_modules/.bin/browserify js/main.js -o bundled.js -d && serve
12 error     ^
13 error File: /Users/tiffanyrossy/Desktop/2backbone/package.json
14 error Failed to parse package.json data.
14 error package.json must be actual JSON, not just JavaScript.
14 error
14 error This is not a bug in npm.
14 error Tell the package author to fix their package.json file. JSON.parse
15 verbose exit [ 1, true ]
